<?xml version="1.0" ?>
<coverage branch-rate="0" branches-covered="0" branches-valid="0" complexity="0" line-rate="0.4396" lines-covered="40" lines-valid="91" timestamp="1546553463726" version="4.5.1">
	<!-- Generated by coverage.py: https://coverage.readthedocs.io -->
	<!-- Based on https://raw.githubusercontent.com/cobertura/web/master/htdocs/xml/coverage-04.dtd -->
	<sources>
		<source>C:\Users\James\Downloads\iReporterApi</source>
	</sources>
	<packages>
		<package branch-rate="0" complexity="0" line-rate="0.6364" name="api.controllers">
			<classes>
				<class branch-rate="0" complexity="0" filename="api/controllers/users_controllers.py" line-rate="0.6364" name="users_controllers.py">
					<methods/>
					<lines>
						<line hits="1" number="1"/>
						<line hits="1" number="2"/>
						<line hits="1" number="4"/>
						<line hits="1" number="7"/>
						<line hits="1" number="9"/>
						<line hits="1" number="10"/>
						<line hits="1" number="13"/>
						<line hits="0" number="14"/>
						<line hits="0" number="15"/>
						<line hits="0" number="16"/>
						<line hits="0" number="18"/>
					</lines>
				</class>
			</classes>
		</package>
		<package branch-rate="0" complexity="0" line-rate="0.625" name="api.models">
			<classes>
				<class branch-rate="0" complexity="0" filename="api/models/user_models.py" line-rate="0.625" name="user_models.py">
					<methods/>
					<lines>
						<line hits="1" number="1"/>
						<line hits="1" number="3"/>
						<line hits="1" number="4"/>
						<line hits="1" number="5"/>
						<line hits="1" number="7"/>
						<line hits="0" number="8"/>
						<line hits="0" number="19"/>
						<line hits="0" number="20"/>
					</lines>
				</class>
			</classes>
		</package>
		<package branch-rate="0" complexity="0" line-rate="0.6154" name="api.views">
			<classes>
				<class branch-rate="0" complexity="0" filename="api/views/incident_views.py" line-rate="0.5882" name="incident_views.py">
					<methods/>
					<lines>
						<line hits="1" number="1"/>
						<line hits="1" number="2"/>
						<line hits="1" number="3"/>
						<line hits="1" number="5"/>
						<line hits="1" number="6"/>
						<line hits="0" number="8"/>
						<line hits="1" number="10"/>
						<line hits="0" number="12"/>
						<line hits="1" number="14"/>
						<line hits="0" number="16"/>
						<line hits="0" number="17"/>
						<line hits="1" number="19"/>
						<line hits="0" number="21"/>
						<line hits="1" number="24"/>
						<line hits="0" number="26"/>
						<line hits="1" number="29"/>
						<line hits="0" number="31"/>
					</lines>
				</class>
				<class branch-rate="0" complexity="0" filename="api/views/user_views.py" line-rate="0.6667" name="user_views.py">
					<methods/>
					<lines>
						<line hits="1" number="1"/>
						<line hits="1" number="2"/>
						<line hits="1" number="3"/>
						<line hits="1" number="5"/>
						<line hits="1" number="7"/>
						<line hits="0" number="9"/>
						<line hits="1" number="21"/>
						<line hits="0" number="23"/>
						<line hits="0" number="24"/>
					</lines>
				</class>
			</classes>
		</package>
		<package branch-rate="0" complexity="0" line-rate="0.2609" name="api.controllers">
			<classes>
				<class branch-rate="0" complexity="0" filename="api/controllers/incidents_controllers.py" line-rate="0.2609" name="incidents_controllers.py">
					<methods/>
					<lines>
						<line hits="1" number="1"/>
						<line hits="1" number="2"/>
						<line hits="1" number="4"/>
						<line hits="1" number="6"/>
						<line hits="1" number="7"/>
						<line hits="1" number="8"/>
						<line hits="1" number="10"/>
						<line hits="0" number="11"/>
						<line hits="0" number="12"/>
						<line hits="0" number="13"/>
						<line hits="0" number="16"/>
						<line hits="1" number="21"/>
						<line hits="0" number="22"/>
						<line hits="0" number="23"/>
						<line hits="0" number="24"/>
						<line hits="0" number="29"/>
						<line hits="1" number="33"/>
						<line hits="0" number="34"/>
						<line hits="0" number="35"/>
						<line hits="0" number="36"/>
						<line hits="0" number="41"/>
						<line hits="1" number="46"/>
						<line hits="0" number="47"/>
						<line hits="0" number="48"/>
						<line hits="0" number="49"/>
						<line hits="0" number="50"/>
						<line hits="0" number="51"/>
						<line hits="0" number="55"/>
						<line hits="1" number="60"/>
						<line hits="0" number="61"/>
						<line hits="0" number="63"/>
						<line hits="0" number="64"/>
						<line hits="0" number="66"/>
						<line hits="0" number="67"/>
						<line hits="0" number="68"/>
						<line hits="0" number="69"/>
						<line hits="0" number="71"/>
						<line hits="1" number="76"/>
						<line hits="0" number="77"/>
						<line hits="0" number="78"/>
						<line hits="0" number="79"/>
						<line hits="0" number="80"/>
						<line hits="0" number="81"/>
						<line hits="0" number="82"/>
						<line hits="0" number="83"/>
						<line hits="0" number="85"/>
					</lines>
				</class>
			</classes>
		</package>
	</packages>
</coverage>
